> Task :ai:preBuild UP-TO-DATE
> Task :ai:preDebugBuild UP-TO-DATE
> Task :ai:mergeDebugJniLibFolders
> Task :ai:mergeDebugNativeLibs NO-SOURCE
> Task :ai:stripDebugDebugSymbols NO-SOURCE
> Task :ai:checkKotlinGradlePluginConfigurationErrors SKIPPED
> Task :ai:generateDebugResValues UP-TO-DATE
> Task :ai:generateDebugResources UP-TO-DATE
> Task :ai:copyDebugJniLibsProjectAndLocalJars
> Task :ai:packageDebugResources UP-TO-DATE
> Task :ai:parseDebugLocalResources UP-TO-DATE
> Task :ai:generateDebugRFile UP-TO-DATE
> Task :core:checkKotlinGradlePluginConfigurationErrors SKIPPED
> Task :core:preBuild UP-TO-DATE
> Task :core:preDebugBuild UP-TO-DATE
> Task :core:generateDebugResValues UP-TO-DATE
> Task :core:generateDebugResources UP-TO-DATE
> Task :core:packageDebugResources UP-TO-DATE
> Task :core:parseDebugLocalResources UP-TO-DATE
> Task :core:generateDebugRFile UP-TO-DATE
> Task :core:compileDebugKotlin UP-TO-DATE
> Task :core:javaPreCompileDebug UP-TO-DATE
> Task :core:compileDebugJavaWithJavac NO-SOURCE
> Task :core:bundleLibCompileToJarDebug UP-TO-DATE
> Task :ai:compileDebugKotlin UP-TO-DATE
> Task :ai:extractDebugAnnotations
> Task :ai:extractDeepLinksForAarDebug
> Task :ai:javaPreCompileDebug UP-TO-DATE
> Task :ai:compileDebugJavaWithJavac NO-SOURCE
> Task :ai:mergeDebugGeneratedProguardFiles
> Task :ai:mergeDebugConsumerProguardFiles
> Task :ai:mergeDebugShaders
> Task :ai:compileDebugShaders NO-SOURCE
> Task :ai:generateDebugAssets UP-TO-DATE
> Task :ai:packageDebugAssets
> Task :ai:prepareDebugArtProfile
> Task :ai:processDebugManifest UP-TO-DATE
> Task :ai:processDebugJavaRes UP-TO-DATE
> Task :ai:prepareLintJarForPublish
> Task :ai:writeDebugAarMetadata UP-TO-DATE
> Task :app:preBuild UP-TO-DATE
> Task :app:preDebugBuild UP-TO-DATE
> Task :app:mergeDebugNativeDebugMetadata NO-SOURCE
> Task :ai:bundleLibCompileToJarDebug UP-TO-DATE
> Task :app:checkKotlinGradlePluginConfigurationErrors SKIPPED
> Task :ai:compileDebugLibraryResources UP-TO-DATE
> Task :core:writeDebugAarMetadata UP-TO-DATE
> Task :engine:preBuild UP-TO-DATE
> Task :engine:preDebugBuild UP-TO-DATE
> Task :engine:writeDebugAarMetadata UP-TO-DATE
> Task :games:preBuild UP-TO-DATE
> Task :games:preDebugBuild UP-TO-DATE
> Task :games:writeDebugAarMetadata UP-TO-DATE
> Task :persistence:preBuild UP-TO-DATE
> Task :persistence:preDebugBuild UP-TO-DATE
> Task :persistence:writeDebugAarMetadata UP-TO-DATE
> Task :ui:preBuild UP-TO-DATE
> Task :ui:preDebugBuild UP-TO-DATE
> Task :ui:writeDebugAarMetadata UP-TO-DATE
> Task :app:checkDebugAarMetadata UP-TO-DATE
> Task :app:generateDebugResValues UP-TO-DATE
> Task :engine:generateDebugResValues UP-TO-DATE
> Task :engine:generateDebugResources UP-TO-DATE
> Task :engine:packageDebugResources UP-TO-DATE
> Task :games:generateDebugResValues UP-TO-DATE
> Task :games:generateDebugResources UP-TO-DATE
> Task :games:packageDebugResources UP-TO-DATE
> Task :persistence:generateDebugResValues UP-TO-DATE
> Task :persistence:generateDebugResources UP-TO-DATE
> Task :persistence:packageDebugResources UP-TO-DATE
> Task :ui:generateDebugResValues UP-TO-DATE
> Task :ui:generateDebugResources UP-TO-DATE
> Task :ui:packageDebugResources UP-TO-DATE
> Task :app:mapDebugSourceSetPaths UP-TO-DATE
> Task :app:generateDebugResources UP-TO-DATE
> Task :app:mergeDebugResources UP-TO-DATE
> Task :app:packageDebugResources UP-TO-DATE
> Task :app:parseDebugLocalResources UP-TO-DATE
> Task :ai:mergeDebugJavaResource
> Task :app:createDebugCompatibleScreenManifests UP-TO-DATE
> Task :ai:extractDeepLinksDebug UP-TO-DATE
> Task :ai:syncDebugLibJars
> Task :ai:bundleDebugAar
> Task :ai:assembleDebug
> Task :app:extractDeepLinksDebug UP-TO-DATE
> Task :core:extractDeepLinksDebug UP-TO-DATE
> Task :core:processDebugManifest UP-TO-DATE
> Task :engine:extractDeepLinksDebug UP-TO-DATE
> Task :engine:processDebugManifest UP-TO-DATE
> Task :games:extractDeepLinksDebug UP-TO-DATE
> Task :games:processDebugManifest UP-TO-DATE
> Task :persistence:extractDeepLinksDebug UP-TO-DATE
> Task :persistence:processDebugManifest UP-TO-DATE
> Task :ui:extractDeepLinksDebug UP-TO-DATE
> Task :ui:processDebugManifest UP-TO-DATE
> Task :app:processDebugMainManifest UP-TO-DATE
> Task :app:processDebugManifest UP-TO-DATE
> Task :app:processDebugManifestForPackage UP-TO-DATE
> Task :core:compileDebugLibraryResources UP-TO-DATE
> Task :engine:compileDebugLibraryResources UP-TO-DATE
> Task :engine:parseDebugLocalResources UP-TO-DATE
> Task :engine:generateDebugRFile UP-TO-DATE
> Task :games:compileDebugLibraryResources UP-TO-DATE
> Task :games:parseDebugLocalResources UP-TO-DATE
> Task :games:generateDebugRFile UP-TO-DATE
> Task :persistence:compileDebugLibraryResources UP-TO-DATE
> Task :persistence:parseDebugLocalResources UP-TO-DATE
> Task :persistence:generateDebugRFile UP-TO-DATE
> Task :ui:compileDebugLibraryResources UP-TO-DATE
> Task :ui:parseDebugLocalResources UP-TO-DATE
> Task :ui:generateDebugRFile UP-TO-DATE
> Task :app:processDebugResources UP-TO-DATE
> Task :engine:checkKotlinGradlePluginConfigurationErrors SKIPPED
> Task :engine:compileDebugKotlin UP-TO-DATE
> Task :engine:javaPreCompileDebug UP-TO-DATE
> Task :engine:compileDebugJavaWithJavac NO-SOURCE
> Task :engine:bundleLibCompileToJarDebug UP-TO-DATE
> Task :games:checkKotlinGradlePluginConfigurationErrors SKIPPED
> Task :persistence:checkKotlinGradlePluginConfigurationErrors SKIPPED
> Task :persistence:compileDebugKotlin UP-TO-DATE
> Task :persistence:javaPreCompileDebug UP-TO-DATE
> Task :persistence:compileDebugJavaWithJavac NO-SOURCE
> Task :persistence:bundleLibCompileToJarDebug UP-TO-DATE
> Task :games:compileDebugKotlin UP-TO-DATE
> Task :games:javaPreCompileDebug UP-TO-DATE
> Task :games:compileDebugJavaWithJavac NO-SOURCE
> Task :games:bundleLibCompileToJarDebug UP-TO-DATE
> Task :ui:checkKotlinGradlePluginConfigurationErrors SKIPPED
> Task :ui:compileDebugKotlin UP-TO-DATE
> Task :ui:javaPreCompileDebug UP-TO-DATE
> Task :ui:compileDebugJavaWithJavac NO-SOURCE
> Task :ui:bundleLibCompileToJarDebug UP-TO-DATE
> Task :app:compileDebugKotlin UP-TO-DATE
> Task :app:javaPreCompileDebug UP-TO-DATE
> Task :app:compileDebugJavaWithJavac NO-SOURCE
> Task :app:mergeDebugShaders
> Task :app:compileDebugShaders NO-SOURCE
> Task :app:generateDebugAssets UP-TO-DATE
> Task :core:mergeDebugShaders
> Task :core:compileDebugShaders NO-SOURCE
> Task :core:generateDebugAssets UP-TO-DATE
> Task :core:packageDebugAssets
> Task :engine:mergeDebugShaders
> Task :engine:compileDebugShaders NO-SOURCE
> Task :engine:generateDebugAssets UP-TO-DATE
> Task :engine:packageDebugAssets
> Task :games:mergeDebugShaders
> Task :games:compileDebugShaders NO-SOURCE
> Task :games:generateDebugAssets UP-TO-DATE
> Task :games:packageDebugAssets
> Task :persistence:mergeDebugShaders
> Task :persistence:compileDebugShaders NO-SOURCE
> Task :persistence:generateDebugAssets UP-TO-DATE
> Task :persistence:packageDebugAssets
> Task :ui:mergeDebugShaders
> Task :ui:compileDebugShaders NO-SOURCE
> Task :ui:generateDebugAssets UP-TO-DATE
> Task :ui:packageDebugAssets
> Task :app:mergeDebugAssets
> Task :app:compressDebugAssets
> Task :app:processDebugJavaRes UP-TO-DATE
> Task :core:processDebugJavaRes UP-TO-DATE
> Task :engine:processDebugJavaRes UP-TO-DATE
> Task :games:processDebugJavaRes UP-TO-DATE
> Task :persistence:processDebugJavaRes UP-TO-DATE
> Task :ui:processDebugJavaRes UP-TO-DATE
> Task :app:desugarDebugFileDependencies
> Task :app:checkDebugDuplicateClasses
> Task :engine:bundleLibRuntimeToDirDebug
> Task :ai:bundleLibRuntimeToDirDebug
> Task :games:bundleLibRuntimeToDirDebug
> Task :app:mergeDebugJavaResource
> Task :app:mergeExtDexDebug
> Task :ui:bundleLibRuntimeToDirDebug
> Task :core:bundleLibRuntimeToDirDebug
> Task :persistence:bundleLibRuntimeToDirDebug
> Task :app:dexBuilderDebug
> Task :ai:copyDebugJniLibsProjectOnly
> Task :app:mergeDebugJniLibFolders
> Task :core:mergeDebugJniLibFolders
> Task :core:mergeDebugNativeLibs NO-SOURCE
> Task :core:copyDebugJniLibsProjectOnly
> Task :engine:mergeDebugJniLibFolders
> Task :engine:mergeDebugNativeLibs NO-SOURCE
> Task :engine:copyDebugJniLibsProjectOnly
> Task :app:mergeProjectDexDebug
> Task :games:mergeDebugJniLibFolders
> Task :games:mergeDebugNativeLibs NO-SOURCE
> Task :games:copyDebugJniLibsProjectOnly
> Task :persistence:mergeDebugJniLibFolders
> Task :persistence:mergeDebugNativeLibs NO-SOURCE
> Task :persistence:copyDebugJniLibsProjectOnly
> Task :ui:mergeDebugJniLibFolders
> Task :ui:mergeDebugNativeLibs NO-SOURCE
> Task :ui:copyDebugJniLibsProjectOnly
> Task :app:validateSigningDebug
> Task :app:writeDebugAppMetadata
> Task :app:mergeDebugNativeLibs
> Task :app:writeDebugSigningConfigVersions
> Task :core:stripDebugDebugSymbols NO-SOURCE
> Task :core:copyDebugJniLibsProjectAndLocalJars
> Task :app:stripDebugDebugSymbols
> Task :core:extractDebugAnnotations
> Task :core:extractDeepLinksForAarDebug
> Task :core:mergeDebugGeneratedProguardFiles
> Task :core:mergeDebugConsumerProguardFiles
> Task :core:prepareDebugArtProfile
> Task :core:prepareLintJarForPublish
> Task :engine:stripDebugDebugSymbols NO-SOURCE
> Task :engine:copyDebugJniLibsProjectAndLocalJars
> Task :app:mergeLibDexDebug
> Task :core:mergeDebugJavaResource
> Task :engine:extractDebugAnnotations
> Task :core:syncDebugLibJars
> Task :core:bundleDebugAar
> Task :core:assembleDebug
> Task :engine:extractDeepLinksForAarDebug
> Task :engine:mergeDebugGeneratedProguardFiles
> Task :engine:mergeDebugConsumerProguardFiles
> Task :engine:prepareDebugArtProfile
> Task :engine:prepareLintJarForPublish
> Task :games:stripDebugDebugSymbols NO-SOURCE
> Task :games:copyDebugJniLibsProjectAndLocalJars
> Task :engine:mergeDebugJavaResource
> Task :games:extractDebugAnnotations
> Task :engine:syncDebugLibJars
> Task :engine:bundleDebugAar
> Task :engine:assembleDebug
> Task :games:extractDeepLinksForAarDebug
> Task :games:mergeDebugGeneratedProguardFiles
> Task :games:mergeDebugConsumerProguardFiles
> Task :games:prepareDebugArtProfile
> Task :games:prepareLintJarForPublish
> Task :persistence:stripDebugDebugSymbols NO-SOURCE
> Task :persistence:copyDebugJniLibsProjectAndLocalJars
> Task :games:mergeDebugJavaResource
> Task :persistence:extractDebugAnnotations
> Task :games:syncDebugLibJars
> Task :games:bundleDebugAar
> Task :games:assembleDebug
> Task :persistence:extractDeepLinksForAarDebug
> Task :persistence:mergeDebugGeneratedProguardFiles
> Task :persistence:mergeDebugConsumerProguardFiles
> Task :persistence:prepareDebugArtProfile
> Task :persistence:prepareLintJarForPublish
> Task :ui:stripDebugDebugSymbols NO-SOURCE
> Task :ui:copyDebugJniLibsProjectAndLocalJars
> Task :persistence:mergeDebugJavaResource
> Task :ui:extractDebugAnnotations
> Task :persistence:syncDebugLibJars
> Task :persistence:bundleDebugAar
> Task :persistence:assembleDebug
> Task :ui:extractDeepLinksForAarDebug
> Task :ui:mergeDebugGeneratedProguardFiles
> Task :ui:mergeDebugConsumerProguardFiles
> Task :ui:prepareDebugArtProfile
> Task :ui:prepareLintJarForPublish
> Task :ui:mergeDebugJavaResource
> Task :ui:syncDebugLibJars
> Task :ui:bundleDebugAar
> Task :ui:assembleDebug
> Task :app:packageDebug
> Task :app:createDebugApkListingFileRedirect
> Task :app:assembleDebug

BUILD SUCCESSFUL in 49s
202 actionable tasks: 108 executed, 94 up-to-date
