> Task :ai:checkKotlinGradlePluginConfigurationErrors SKIPPED
> Task :ai:preBuild UP-TO-DATE
> Task :ai:preDebugBuild UP-TO-DATE
> Task :ai:generateDebugResValues UP-TO-DATE
> Task :ai:generateDebugResources UP-TO-DATE
> Task :ai:packageDebugResources UP-TO-DATE
> Task :ai:parseDebugLocalResources UP-TO-DATE
> Task :ai:generateDebugRFile UP-TO-DATE
> Task :core:checkKotlinGradlePluginConfigurationErrors SKIPPED
> Task :core:preBuild UP-TO-DATE
> Task :core:preDebugBuild UP-TO-DATE
> Task :core:generateDebugResValues UP-TO-DATE
> Task :core:generateDebugResources UP-TO-DATE
> Task :core:packageDebugResources UP-TO-DATE
> Task :core:parseDebugLocalResources UP-TO-DATE
> Task :core:generateDebugRFile UP-TO-DATE
> Task :core:compileDebugKotlin UP-TO-DATE
> Task :core:javaPreCompileDebug UP-TO-DATE
> Task :core:compileDebugJavaWithJavac NO-SOURCE
> Task :core:bundleLibCompileToJarDebug UP-TO-DATE
> Task :ai:compileDebugKotlin UP-TO-DATE
> Task :ai:javaPreCompileDebug UP-TO-DATE
> Task :ai:compileDebugJavaWithJavac NO-SOURCE
> Task :ai:bundleLibCompileToJarDebug UP-TO-DATE
> Task :app:checkKotlinGradlePluginConfigurationErrors SKIPPED
> Task :ai:compileDebugLibraryResources UP-TO-DATE
> Task :ai:writeDebugAarMetadata UP-TO-DATE
> Task :app:preBuild UP-TO-DATE
> Task :app:preDebugBuild UP-TO-DATE
> Task :core:writeDebugAarMetadata UP-TO-DATE
> Task :engine:preBuild UP-TO-DATE
> Task :engine:preDebugBuild UP-TO-DATE
> Task :engine:writeDebugAarMetadata UP-TO-DATE
> Task :games:preBuild UP-TO-DATE
> Task :games:preDebugBuild UP-TO-DATE
> Task :games:writeDebugAarMetadata UP-TO-DATE
> Task :persistence:preBuild UP-TO-DATE
> Task :persistence:preDebugBuild UP-TO-DATE
> Task :persistence:writeDebugAarMetadata UP-TO-DATE
> Task :ui:preBuild UP-TO-DATE
> Task :ui:preDebugBuild UP-TO-DATE
> Task :ui:writeDebugAarMetadata UP-TO-DATE
> Task :app:checkDebugAarMetadata UP-TO-DATE
> Task :app:generateDebugResValues UP-TO-DATE
> Task :engine:generateDebugResValues UP-TO-DATE
> Task :engine:generateDebugResources UP-TO-DATE
> Task :engine:packageDebugResources UP-TO-DATE
> Task :games:generateDebugResValues UP-TO-DATE
> Task :games:generateDebugResources UP-TO-DATE
> Task :games:packageDebugResources UP-TO-DATE
> Task :persistence:generateDebugResValues UP-TO-DATE
> Task :persistence:generateDebugResources UP-TO-DATE
> Task :persistence:packageDebugResources UP-TO-DATE
> Task :ui:generateDebugResValues UP-TO-DATE
> Task :ui:generateDebugResources UP-TO-DATE
> Task :ui:packageDebugResources UP-TO-DATE
> Task :app:mapDebugSourceSetPaths UP-TO-DATE
> Task :app:generateDebugResources UP-TO-DATE
> Task :app:mergeDebugResources UP-TO-DATE
> Task :app:packageDebugResources UP-TO-DATE
> Task :app:parseDebugLocalResources UP-TO-DATE
> Task :app:createDebugCompatibleScreenManifests UP-TO-DATE
> Task :ai:extractDeepLinksDebug UP-TO-DATE
> Task :ai:processDebugManifest UP-TO-DATE
> Task :app:extractDeepLinksDebug UP-TO-DATE
> Task :core:extractDeepLinksDebug UP-TO-DATE
> Task :core:processDebugManifest UP-TO-DATE
> Task :engine:extractDeepLinksDebug UP-TO-DATE
> Task :engine:processDebugManifest UP-TO-DATE
> Task :games:extractDeepLinksDebug UP-TO-DATE
> Task :games:processDebugManifest UP-TO-DATE
> Task :persistence:extractDeepLinksDebug UP-TO-DATE
> Task :persistence:processDebugManifest UP-TO-DATE
> Task :ui:extractDeepLinksDebug UP-TO-DATE
> Task :ui:processDebugManifest UP-TO-DATE
> Task :app:processDebugMainManifest UP-TO-DATE
> Task :app:processDebugManifest UP-TO-DATE
> Task :app:processDebugManifestForPackage UP-TO-DATE
> Task :core:compileDebugLibraryResources UP-TO-DATE
> Task :engine:compileDebugLibraryResources UP-TO-DATE
> Task :engine:parseDebugLocalResources UP-TO-DATE
> Task :engine:generateDebugRFile UP-TO-DATE
> Task :games:compileDebugLibraryResources UP-TO-DATE
> Task :games:parseDebugLocalResources UP-TO-DATE
> Task :games:generateDebugRFile UP-TO-DATE
> Task :persistence:compileDebugLibraryResources UP-TO-DATE
> Task :persistence:parseDebugLocalResources UP-TO-DATE
> Task :persistence:generateDebugRFile UP-TO-DATE
> Task :ui:compileDebugLibraryResources UP-TO-DATE
> Task :ui:parseDebugLocalResources UP-TO-DATE
> Task :ui:generateDebugRFile UP-TO-DATE
> Task :app:processDebugResources UP-TO-DATE
> Task :engine:checkKotlinGradlePluginConfigurationErrors SKIPPED
> Task :engine:compileDebugKotlin UP-TO-DATE
> Task :engine:javaPreCompileDebug UP-TO-DATE
> Task :engine:compileDebugJavaWithJavac NO-SOURCE
> Task :engine:bundleLibCompileToJarDebug UP-TO-DATE
> Task :games:checkKotlinGradlePluginConfigurationErrors SKIPPED
> Task :persistence:checkKotlinGradlePluginConfigurationErrors SKIPPED
> Task :persistence:compileDebugKotlin UP-TO-DATE
> Task :persistence:javaPreCompileDebug UP-TO-DATE
> Task :persistence:compileDebugJavaWithJavac NO-SOURCE
> Task :persistence:bundleLibCompileToJarDebug UP-TO-DATE
> Task :games:compileDebugKotlin UP-TO-DATE
> Task :games:javaPreCompileDebug UP-TO-DATE
> Task :games:compileDebugJavaWithJavac NO-SOURCE
> Task :games:bundleLibCompileToJarDebug UP-TO-DATE
> Task :ui:checkKotlinGradlePluginConfigurationErrors SKIPPED
> Task :ui:compileDebugKotlin UP-TO-DATE
> Task :ui:javaPreCompileDebug UP-TO-DATE
> Task :ui:compileDebugJavaWithJavac NO-SOURCE
> Task :ui:bundleLibCompileToJarDebug UP-TO-DATE
> Task :app:compileDebugKotlin UP-TO-DATE
> Task :app:javaPreCompileDebug UP-TO-DATE
> Task :app:compileDebugJavaWithJavac NO-SOURCE
> Task :ai:mergeDebugShaders UP-TO-DATE
> Task :ai:compileDebugShaders NO-SOURCE
> Task :ai:generateDebugAssets UP-TO-DATE
> Task :ai:packageDebugAssets UP-TO-DATE
> Task :app:mergeDebugShaders UP-TO-DATE
> Task :app:compileDebugShaders NO-SOURCE
> Task :app:generateDebugAssets UP-TO-DATE
> Task :core:mergeDebugShaders UP-TO-DATE
> Task :core:compileDebugShaders NO-SOURCE
> Task :core:generateDebugAssets UP-TO-DATE
> Task :core:packageDebugAssets UP-TO-DATE
> Task :engine:mergeDebugShaders UP-TO-DATE
> Task :engine:compileDebugShaders NO-SOURCE
> Task :engine:generateDebugAssets UP-TO-DATE
> Task :engine:packageDebugAssets UP-TO-DATE
> Task :games:mergeDebugShaders UP-TO-DATE
> Task :games:compileDebugShaders NO-SOURCE
> Task :games:generateDebugAssets UP-TO-DATE
> Task :games:packageDebugAssets UP-TO-DATE
> Task :persistence:mergeDebugShaders UP-TO-DATE
> Task :persistence:compileDebugShaders NO-SOURCE
> Task :persistence:generateDebugAssets UP-TO-DATE
> Task :persistence:packageDebugAssets UP-TO-DATE
> Task :ui:mergeDebugShaders UP-TO-DATE
> Task :ui:compileDebugShaders NO-SOURCE
> Task :ui:generateDebugAssets UP-TO-DATE
> Task :ui:packageDebugAssets UP-TO-DATE
> Task :app:mergeDebugAssets UP-TO-DATE
> Task :app:compressDebugAssets UP-TO-DATE
> Task :ai:processDebugJavaRes UP-TO-DATE
> Task :app:processDebugJavaRes UP-TO-DATE
> Task :core:processDebugJavaRes UP-TO-DATE
> Task :engine:processDebugJavaRes UP-TO-DATE
> Task :games:processDebugJavaRes UP-TO-DATE
> Task :persistence:processDebugJavaRes UP-TO-DATE
> Task :ui:processDebugJavaRes UP-TO-DATE
> Task :app:mergeDebugJavaResource UP-TO-DATE
> Task :app:checkDebugDuplicateClasses UP-TO-DATE
> Task :app:desugarDebugFileDependencies UP-TO-DATE
> Task :app:mergeExtDexDebug UP-TO-DATE
> Task :games:bundleLibRuntimeToDirDebug UP-TO-DATE
> Task :engine:bundleLibRuntimeToDirDebug UP-TO-DATE
> Task :ai:bundleLibRuntimeToDirDebug UP-TO-DATE
> Task :ui:bundleLibRuntimeToDirDebug UP-TO-DATE
> Task :persistence:bundleLibRuntimeToDirDebug UP-TO-DATE
> Task :core:bundleLibRuntimeToDirDebug UP-TO-DATE
> Task :app:dexBuilderDebug UP-TO-DATE
> Task :app:mergeLibDexDebug UP-TO-DATE
> Task :app:mergeProjectDexDebug UP-TO-DATE
> Task :ai:mergeDebugJniLibFolders UP-TO-DATE
> Task :ai:mergeDebugNativeLibs NO-SOURCE
> Task :ai:copyDebugJniLibsProjectOnly UP-TO-DATE
> Task :app:mergeDebugJniLibFolders UP-TO-DATE
> Task :core:mergeDebugJniLibFolders UP-TO-DATE
> Task :core:mergeDebugNativeLibs NO-SOURCE
> Task :core:copyDebugJniLibsProjectOnly UP-TO-DATE
> Task :engine:mergeDebugJniLibFolders UP-TO-DATE
> Task :engine:mergeDebugNativeLibs NO-SOURCE
> Task :engine:copyDebugJniLibsProjectOnly UP-TO-DATE
> Task :games:mergeDebugJniLibFolders UP-TO-DATE
> Task :games:mergeDebugNativeLibs NO-SOURCE
> Task :games:copyDebugJniLibsProjectOnly UP-TO-DATE
> Task :persistence:mergeDebugJniLibFolders UP-TO-DATE
> Task :persistence:mergeDebugNativeLibs NO-SOURCE
> Task :persistence:copyDebugJniLibsProjectOnly UP-TO-DATE
> Task :ui:mergeDebugJniLibFolders UP-TO-DATE
> Task :ui:mergeDebugNativeLibs NO-SOURCE
> Task :ui:copyDebugJniLibsProjectOnly UP-TO-DATE
> Task :app:mergeDebugNativeLibs UP-TO-DATE
> Task :app:stripDebugDebugSymbols UP-TO-DATE
> Task :app:validateSigningDebug UP-TO-DATE
> Task :app:writeDebugAppMetadata UP-TO-DATE
> Task :app:writeDebugSigningConfigVersions UP-TO-DATE
> Task :app:packageDebug UP-TO-DATE
> Task :app:createDebugApkListingFileRedirect UP-TO-DATE

> Task :app:installDebug
Installing APK 'app-debug.apk' on '22041219PI - 14' for :app:debug
Installed on 1 device.

BUILD SUCCESSFUL in 15s
143 actionable tasks: 1 executed, 142 up-to-date
